\BOOKMARK [0][-]{chapter.1}{\376\377\000I\000n\000t\000r\000o\000d\000u\000c\000t\000i\000o\000n}{}
\BOOKMARK [0][-]{chapter.2}{\376\377\000M\000a\000k\000n\000e\000t\000o}{}
\BOOKMARK [1][-]{section.2.1}{\376\377\000C\000u\000r\000r\000e\000n\000t\000\040\000a\000r\000c\000h\000i\000t\000e\000c\000t\000u\000r\000e}{chapter.2}
\BOOKMARK [1][-]{section.2.2}{\376\377\000M\000o\000t\000i\000v\000a\000t\000i\000o\000n\000\040\000f\000o\000r\000\040\000p\000o\000r\000t\000i\000n\000g\000\040\000a\000n\000d\000\040\000a\000d\000d\000i\000n\000g\000\040\000V\000o\000I\000P\000\040\000s\000u\000p\000p\000o\000r\000t}{chapter.2}
\BOOKMARK [0][-]{chapter.3}{\376\377\000X\000M\000P\000P}{}
\BOOKMARK [1][-]{section.3.1}{\376\377\000X\000M\000P\000P\000\040\000p\000r\000o\000t\000o\000c\000o\000l}{chapter.3}
\BOOKMARK [1][-]{section.3.2}{\376\377\000J\000i\000n\000g\000l\000e}{chapter.3}
\BOOKMARK [0][-]{chapter.4}{\376\377\000T\000e\000l\000e\000p\000a\000t\000h\000y}{}
\BOOKMARK [1][-]{section.4.1}{\376\377\000T\000e\000l\000e\000p\000a\000t\000h\000y\000\040\000a\000r\000c\000h\000i\000t\000e\000c\000t\000u\000r\000e}{chapter.4}
\BOOKMARK [1][-]{section.4.2}{\376\377\000E\000m\000p\000a\000t\000h\000y}{chapter.4}
\BOOKMARK [0][-]{chapter.5}{\376\377\000E\000x\000i\000s\000t\000i\000n\000g\000\040\000s\000o\000l\000u\000t\000i\000o\000n\000s}{}
\BOOKMARK [1][-]{section.5.1}{\376\377\000A\000p\000p\000l\000i\000c\000a\000t\000i\000o\000n\000s\000\040\000w\000i\000t\000h\000\040\000w\000h\000i\000t\000e\000b\000o\000a\000r\000d\000\040\000a\000n\000d\000\040\000V\000o\000I\000P\000\040\000s\000u\000p\000p\000o\000r\000t}{chapter.5}
\BOOKMARK [1][-]{section.5.2}{\376\377\000M\000u\000l\000t\000i\000m\000e\000d\000i\000a\000\040\000s\000t\000r\000e\000a\000m\000i\000n\000g\000\040\000p\000r\000o\000t\000o\000c\000o\000l\000s}{chapter.5}
\BOOKMARK [1][-]{section.5.3}{\376\377\000V\000o\000I\000P}{chapter.5}
\BOOKMARK [0][-]{chapter.6}{\376\377\000P\000o\000r\000t\000\040\000t\000o\000\040\000T\000e\000l\000e\000p\000a\000t\000h\000y}{}
\BOOKMARK [1][-]{section.6.1}{\376\377\000C\000o\000n\000n\000e\000c\000t\000i\000o\000n}{chapter.6}
\BOOKMARK [1][-]{section.6.2}{\376\377\000W\000h\000i\000t\000e\000b\000o\000a\000r\000d\000i\000n\000g}{chapter.6}
\BOOKMARK [1][-]{section.6.3}{\376\377\000C\000o\000n\000t\000a\000c\000t\000\040\000l\000i\000s\000t}{chapter.6}
\BOOKMARK [0][-]{chapter.7}{\376\377\000V\000o\000I\000P\000\040\000i\000m\000p\000l\000e\000m\000e\000n\000t\000a\000t\000i\000o\000n}{}
\BOOKMARK [1][-]{section.7.1}{\376\377\000G\000S\000t\000r\000e\000a\000m\000e\000r}{chapter.7}
\BOOKMARK [1][-]{section.7.2}{\376\377\000F\000a\000r\000s\000i\000g\000h\000t}{chapter.7}
\BOOKMARK [1][-]{section.7.3}{\376\377\000V\000o\000I\000P\000\040\000i\000n\000\040\000M\000a\000k\000n\000e\000t\000o}{chapter.7}
\BOOKMARK [0][-]{chapter.8}{\376\377\000C\000o\000n\000c\000l\000u\000s\000i\000o\000n}{}
\BOOKMARK [0][-]{appendix.A}{\376\377\000O\000b\000s\000a\000h\000\040\000C\000D}{}
\BOOKMARK [0][-]{appendix.B}{\376\377\000D\000e\000p\000e\000n\000d\000e\000n\000c\000i\000e\000s}{}
